<?xml version="1.0" encoding="UTF-8"?>
<!-- Generated by org.testng.reporters.JUnitXMLReporter -->
<testsuite ignored="0" hostname="DESKTOP-JER5TCF" failures="1" tests="2" name="Test" time="22.599" errors="0" timestamp="2022-05-23T07:05:47 IST">
  <testcase classname="testcasescripts.LoginPageListenersExtentReportTest" name="LoginTest" time="7.807"/>
  <testcase classname="testcasescripts.LoginPageListenersExtentReportTest" name="LoginTest" time="7.872">
    <failure type="java.lang.NullPointerException" message="Cannot invoke &amp;quot;com.aventstack.extentreports.ExtentTest.log(com.aventstack.extentreports.Status, com.aventstack.extentreports.markuputils.Markup)&amp;quot; because &amp;quot;this.test&amp;quot; is null">
      <![CDATA[java.lang.NullPointerException: Cannot invoke "com.aventstack.extentreports.ExtentTest.log(com.aventstack.extentreports.Status, com.aventstack.extentreports.markuputils.Markup)" because "this.test" is null
at testcasescripts.ExtentListenerClass.onTestSuccess(ExtentListenerClass.java:53)
at java.base/java.util.ArrayList.forEach(ArrayList.java:1511)
... Removed 24 stack frames]]>
    </failure>
  </testcase> <!-- LoginTest -->
</testsuite> <!-- Test -->
