<?xml version="1.0" encoding="UTF-8"?>
<testng-results ignored="0" total="1" passed="1" failed="0" skipped="0">
  <reporter-output>
  </reporter-output>
  <suite started-at="2022-05-23T07:07:17 IST" name="Default suite" finished-at="2022-05-23T07:07:51 IST" duration-ms="33266">
    <groups>
    </groups>
    <test started-at="2022-05-23T07:07:17 IST" name="Default test" finished-at="2022-05-23T07:07:51 IST" duration-ms="33266">
      <class name="testcasescripts.LoginpageDatabaseTest">
        <test-method is-config="true" signature="browser()[pri:0, instance:testcasescripts.LoginpageDatabaseTest@54a7079e]" started-at="2022-05-23T07:07:17 IST" name="browser" finished-at="2022-05-23T07:07:33 IST" duration-ms="15250" status="PASS">
          <reporter-output>
          </reporter-output>
        </test-method> <!-- browser -->
        <test-method signature="hrmslogin()[pri:0, instance:testcasescripts.LoginpageDatabaseTest@54a7079e]" started-at="2022-05-23T07:07:33 IST" name="hrmslogin" finished-at="2022-05-23T07:07:51 IST" duration-ms="17950" status="PASS">
          <reporter-output>
          </reporter-output>
        </test-method> <!-- hrmslogin -->
      </class> <!-- testcasescripts.LoginpageDatabaseTest -->
    </test> <!-- Default test -->
  </suite> <!-- Default suite -->
</testng-results>
